{
  "RSpec": {
    "coverage": {
      "/Users/joaw/workspace/SOA2021/s-killer/s-killer-app/init.rb": {
        "lines": [
          null,
          null,
          1,
          2,
          null
        ]
      },
      "/Users/joaw/workspace/SOA2021/s-killer/s-killer-app/config/init.rb": {
        "lines": [
          null,
          null,
          1
        ]
      },
      "/Users/joaw/workspace/SOA2021/s-killer/s-killer-app/config/environment.rb": {
        "lines": [
          null,
          null,
          1,
          1,
          1,
          1,
          null,
          1,
          null,
          1,
          1,
          null,
          1,
          null,
          1,
          null,
          null,
          null,
          1,
          null,
          null,
          1,
          8,
          null,
          null,
          null,
          1,
          null,
          null
        ]
      },
      "/Users/joaw/workspace/SOA2021/s-killer/s-killer-app/app/init.rb": {
        "lines": [
          null,
          null,
          1,
          1,
          3,
          null
        ]
      },
      "/Users/joaw/workspace/SOA2021/s-killer/s-killer-app/app/infrastructure/init.rb": {
        "lines": [
          null,
          null,
          1,
          2,
          null
        ]
      },
      "/Users/joaw/workspace/SOA2021/s-killer/s-killer-app/app/infrastructure/skiller_api.rb": {
        "lines": [
          null,
          null,
          1,
          null,
          1,
          1,
          null,
          1,
          1,
          5,
          5,
          null,
          null,
          null,
          1,
          1,
          null,
          null,
          null,
          1,
          3,
          null,
          null,
          null,
          1,
          1,
          null,
          null,
          null,
          1,
          1,
          5,
          5,
          null,
          null,
          1,
          1,
          null,
          null,
          1,
          3,
          3,
          null,
          null,
          1,
          1,
          1,
          null,
          null,
          1,
          null,
          1,
          4,
          4,
          4,
          4,
          null,
          null,
          null,
          1,
          5,
          5,
          5,
          null,
          0,
          null,
          null,
          null,
          null,
          1,
          1,
          7,
          null,
          null,
          null,
          1,
          13,
          7,
          null,
          null,
          null,
          null,
          1,
          null,
          1,
          null,
          1,
          null,
          1,
          5,
          null,
          null,
          1,
          2,
          null,
          null,
          1,
          1,
          null,
          null,
          1,
          0,
          0,
          null,
          null,
          1,
          2,
          null,
          null,
          null,
          null,
          null
        ]
      },
      "/Users/joaw/workspace/SOA2021/s-killer/s-killer-app/app/presentation/init.rb": {
        "lines": [
          null,
          null,
          1,
          1,
          1,
          null
        ]
      },
      "/Users/joaw/workspace/SOA2021/s-killer/s-killer-app/app/presentation/view_objects/init.rb": {
        "lines": [
          null,
          null,
          1,
          5,
          null
        ]
      },
      "/Users/joaw/workspace/SOA2021/s-killer/s-killer-app/app/presentation/view_objects/analyze_process.rb": {
        "lines": [
          null,
          null,
          1,
          null,
          1,
          1,
          4,
          4,
          4,
          null,
          null,
          1,
          null,
          1,
          6,
          null,
          null,
          1,
          1,
          null,
          null,
          1,
          1,
          null,
          null,
          1,
          1,
          null,
          null,
          1,
          1,
          null,
          null,
          null
        ]
      },
      "/Users/joaw/workspace/SOA2021/s-killer/s-killer-app/app/presentation/view_objects/job.rb": {
        "lines": [
          null,
          null,
          1,
          null,
          1,
          null,
          1,
          1,
          5,
          5,
          5,
          null,
          null,
          1,
          1,
          null,
          null,
          1,
          1,
          null,
          null,
          1,
          1,
          null,
          null,
          1,
          1,
          null,
          null,
          1,
          2,
          2,
          null,
          null,
          1,
          1,
          null,
          null,
          1,
          1,
          null,
          null,
          null,
          null,
          1,
          2,
          null,
          null,
          2,
          2,
          null,
          null,
          null
        ]
      },
      "/Users/joaw/workspace/SOA2021/s-killer/s-killer-app/app/presentation/view_objects/skill.rb": {
        "lines": [
          null,
          null,
          1,
          null,
          1,
          1,
          null,
          1,
          6,
          6,
          null,
          null,
          1,
          1,
          null,
          null,
          1,
          null,
          null,
          null,
          null
        ]
      },
      "/Users/joaw/workspace/SOA2021/s-killer/s-killer-app/app/presentation/view_objects/skilljob.rb": {
        "lines": [
          null,
          null,
          1,
          1,
          null,
          1,
          null,
          1,
          1,
          null,
          1,
          4,
          4,
          4,
          4,
          4,
          null,
          null,
          1,
          2,
          2,
          null,
          null,
          1,
          3,
          null,
          null,
          1,
          1,
          1,
          1,
          null,
          1,
          null,
          null,
          1,
          1,
          1,
          1,
          null,
          1,
          null,
          null,
          null,
          null,
          1,
          2,
          null,
          7,
          null,
          2,
          null,
          null,
          1,
          2,
          2,
          null,
          null,
          1,
          2,
          5,
          5,
          null,
          null,
          null,
          1,
          16,
          null,
          null,
          null
        ]
      },
      "/Users/joaw/workspace/SOA2021/s-killer/s-killer-app/app/application/init.rb": {
        "lines": [
          null,
          null,
          1,
          1,
          4,
          null
        ]
      },
      "/Users/joaw/workspace/SOA2021/s-killer/s-killer-app/app/application/representers/init.rb": {
        "lines": [
          null,
          null,
          1,
          9,
          null
        ]
      },
      "/Users/joaw/workspace/SOA2021/s-killer/s-killer-app/app/application/representers/detail_representer.rb": {
        "lines": [
          null,
          null,
          1,
          1,
          null,
          1,
          null,
          1,
          1,
          null,
          1,
          1,
          1,
          1,
          null,
          1,
          1,
          1,
          1,
          1,
          1,
          null,
          1,
          0,
          null,
          null,
          null,
          null
        ]
      },
      "/Users/joaw/workspace/SOA2021/s-killer/s-killer-app/app/application/representers/salary_representer.rb": {
        "lines": [
          null,
          null,
          1,
          1,
          null,
          1,
          1,
          null,
          1,
          1,
          null,
          1,
          1,
          1,
          null,
          null,
          null
        ]
      },
      "/Users/joaw/workspace/SOA2021/s-killer/s-killer-app/app/application/representers/extract_request_representer.rb": {
        "lines": [
          null,
          null,
          1,
          1,
          null,
          1,
          null,
          null,
          1,
          1,
          null,
          1,
          1,
          null,
          1,
          1,
          null,
          null,
          null
        ]
      },
      "/Users/joaw/workspace/SOA2021/s-killer/s-killer-app/app/application/representers/job_representer.rb": {
        "lines": [
          null,
          null,
          1,
          1,
          null,
          1,
          null,
          1,
          1,
          null,
          1,
          1,
          null,
          1,
          1,
          1,
          1,
          1,
          1,
          1,
          1,
          1,
          null,
          null,
          null
        ]
      },
      "/Users/joaw/workspace/SOA2021/s-killer/s-killer-app/app/application/representers/http_response_representer.rb": {
        "lines": [
          null,
          null,
          1,
          1,
          null,
          1,
          1,
          null,
          null,
          null,
          null,
          null,
          1,
          1,
          null,
          1,
          1,
          null,
          1,
          null,
          null,
          null,
          null,
          null,
          null,
          null,
          null,
          null,
          null,
          null,
          null,
          null,
          1,
          0,
          null,
          null,
          null,
          null
        ]
      },
      "/Users/joaw/workspace/SOA2021/s-killer/s-killer-app/app/application/representers/result_representer.rb": {
        "lines": [
          null,
          null,
          1,
          1,
          null,
          1,
          1,
          1,
          null,
          1,
          1,
          null,
          1,
          1,
          1,
          1,
          null,
          1,
          1,
          1,
          1,
          null,
          1,
          null,
          0,
          null,
          null,
          null,
          null
        ]
      },
      "/Users/joaw/workspace/SOA2021/s-killer/s-killer-app/app/application/representers/skill_representer.rb": {
        "lines": [
          null,
          null,
          1,
          1,
          null,
          1,
          1,
          null,
          1,
          1,
          null,
          1,
          1,
          null,
          null,
          null
        ]
      },
      "/Users/joaw/workspace/SOA2021/s-killer/s-killer-app/app/application/representers/salary_distribution_representer.rb": {
        "lines": [
          null,
          null,
          1,
          1,
          null,
          1,
          1,
          null,
          1,
          1,
          null,
          1,
          1,
          1,
          null,
          null,
          null
        ]
      },
      "/Users/joaw/workspace/SOA2021/s-killer/s-killer-app/app/application/forms/init.rb": {
        "lines": [
          null,
          null,
          1,
          2,
          null
        ]
      },
      "/Users/joaw/workspace/SOA2021/s-killer/s-killer-app/app/application/forms/query.rb": {
        "lines": [
          null,
          null,
          1,
          null,
          1,
          1,
          null,
          1,
          1,
          1,
          null,
          null,
          1,
          3,
          null,
          null,
          null,
          null
        ]
      },
      "/Users/joaw/workspace/SOA2021/s-killer/s-killer-app/app/application/services/init.rb": {
        "lines": [
          null,
          null,
          1,
          3,
          null
        ]
      },
      "/Users/joaw/workspace/SOA2021/s-killer/s-killer-app/app/application/services/analyze_skills.rb": {
        "lines": [
          null,
          null,
          1,
          null,
          1,
          1,
          null,
          null,
          1,
          1,
          null,
          1,
          1,
          1,
          null,
          1,
          null,
          null,
          1,
          3,
          3,
          2,
          null,
          1,
          null,
          null,
          null,
          null,
          null,
          1,
          2,
          2,
          null,
          2,
          2,
          null,
          0,
          null,
          null,
          null,
          null,
          1,
          2,
          2,
          1,
          null,
          null,
          2,
          null,
          0,
          null,
          null,
          null,
          null
        ]
      },
      "/Users/joaw/workspace/SOA2021/s-killer/s-killer-app/app/application/services/request_detail.rb": {
        "lines": [
          null,
          null,
          1,
          null,
          1,
          1,
          null,
          null,
          1,
          1,
          null,
          1,
          1,
          null,
          null,
          null,
          1,
          1,
          1,
          null,
          0,
          null,
          null,
          null,
          null,
          1,
          1,
          1,
          null,
          0,
          null,
          null,
          null,
          null
        ]
      },
      "/Users/joaw/workspace/SOA2021/s-killer/s-killer-app/app/application/controllers/init.rb": {
        "lines": [
          null,
          null,
          1,
          2,
          null
        ]
      },
      "/Users/joaw/workspace/SOA2021/s-killer/s-killer-app/app/application/controllers/app.rb": {
        "lines": [
          null,
          null,
          1,
          1,
          1,
          null,
          1,
          null,
          1,
          1,
          1,
          1,
          null,
          1,
          null,
          0,
          0,
          null,
          0,
          null,
          null,
          null,
          0,
          0,
          0,
          null,
          null,
          null,
          null,
          0,
          0,
          0,
          null,
          0,
          0,
          0,
          null,
          null,
          0,
          0,
          null,
          0,
          null,
          null,
          null,
          0,
          0,
          null,
          0,
          0,
          0,
          null,
          0,
          0,
          0,
          null,
          null,
          0,
          0,
          0,
          0,
          null,
          0,
          0,
          null,
          null,
          0,
          null,
          null,
          null,
          0,
          null,
          0,
          null,
          null,
          null,
          null,
          null,
          null,
          null
        ]
      },
      "/Users/joaw/workspace/SOA2021/s-killer/s-killer-app/spec/tests/integration/services/request_detail_spec.rb": {
        "lines": [
          null,
          null,
          1,
          1,
          null,
          1,
          1,
          null,
          1,
          1,
          null,
          null,
          1,
          1,
          null,
          null,
          1,
          null,
          1,
          null,
          null,
          1,
          1,
          null,
          null,
          1,
          1,
          1,
          1,
          1,
          null,
          null
        ]
      },
      "/Users/joaw/workspace/SOA2021/s-killer/s-killer-app/spec/tests/unit/skiller_gateway_spec.rb": {
        "lines": [
          null,
          null,
          1,
          null,
          1,
          1,
          null,
          null,
          1,
          null,
          1,
          1,
          null,
          1,
          6,
          null,
          null,
          1,
          6,
          null,
          null,
          1,
          1,
          1,
          1,
          null,
          null,
          1,
          1,
          1,
          null,
          null,
          1,
          null,
          1,
          1,
          null,
          null,
          null,
          1,
          1,
          1,
          null,
          null,
          1,
          1,
          null,
          null,
          null,
          1,
          1,
          1,
          1,
          null,
          null,
          1,
          1,
          1,
          null,
          1,
          1,
          1,
          null,
          null,
          null,
          null
        ]
      },
      "/Users/joaw/workspace/SOA2021/s-killer/s-killer-app/spec/tests/unit/view_objects_spec.rb": {
        "lines": [
          null,
          null,
          1,
          1,
          null,
          null,
          1,
          null,
          1,
          null,
          1,
          null,
          1,
          null,
          1,
          null,
          1,
          1,
          null,
          1,
          12,
          null,
          null,
          1,
          12,
          null,
          null,
          1,
          1,
          3,
          3,
          3,
          null,
          null,
          1,
          1,
          1,
          1,
          1,
          1,
          null,
          null,
          1,
          1,
          null,
          null,
          1,
          1,
          null,
          null,
          null,
          1,
          1,
          1,
          1,
          1,
          1,
          1,
          null,
          null,
          1,
          1,
          null,
          null,
          null,
          1,
          1,
          1,
          1,
          1,
          2,
          null,
          null,
          null,
          1,
          1,
          9,
          1,
          1,
          1,
          null,
          null,
          1,
          null,
          1,
          null,
          null,
          1,
          1,
          2,
          null,
          null,
          null,
          1,
          1,
          1,
          1,
          null,
          1,
          1,
          1,
          null,
          null,
          null,
          1,
          1,
          null,
          1,
          2,
          1,
          null,
          1,
          1,
          null,
          null,
          1,
          2,
          1,
          null,
          1,
          1,
          null,
          null,
          1,
          1,
          1,
          null,
          1,
          3,
          3,
          null,
          1,
          null,
          1,
          1,
          null,
          null,
          1,
          null,
          1,
          3,
          1,
          null,
          1,
          null,
          1,
          1,
          null,
          null,
          null
        ]
      }
    },
    "timestamp": 1640529565
  }
}
